Using pre-set license
Built from '2020.3/release' branch; Version is '2020.3.1f1 (77a89f25062f) revision 7841951'; Using compiler version '192528614'; Build Type 'Release'
OS: 'Windows 10 Home; OS build 19042.867; Version 2009; 64bit' Language: 'en' Physical Memory: 16178 MB
BatchMode: 1, IsHumanControllingUs: 0, StartBugReporterOnCrash: 0, Is64bit: 1, IsPro: 0

 COMMAND LINE ARGUMENTS:
D:\Unity Game\2020.3.1f1\Editor\Unity.exe
-adb2
-batchMode
-noUpm
-name
AssetImportWorker0
-projectPath
D:/Git game/Assignment2Group4/WOSA3004_final_project/Game Creation 3/BongaMalusi_WSOA3003A_Turn based Data System
-logFile
Logs/AssetImportWorker0.log
-srvPort
53216
Successfully changed project path to: D:/Git game/Assignment2Group4/WOSA3004_final_project/Game Creation 3/BongaMalusi_WSOA3003A_Turn based Data System
D:/Git game/Assignment2Group4/WOSA3004_final_project/Game Creation 3/BongaMalusi_WSOA3003A_Turn based Data System
Using Asset Import Pipeline V2.
Refreshing native plugins compatible for Editor in 23.60 ms, found 0 plugins.
Preloading 0 native plugins for Editor in 0.00 ms.
Initialize engine version: 2020.3.1f1 (77a89f25062f)
[Subsystems] Discovering subsystems at path D:/Unity Game/2020.3.1f1/Editor/Data/Resources/UnitySubsystems
[Subsystems] Discovering subsystems at path D:/Git game/Assignment2Group4/WOSA3004_final_project/Game Creation 3/BongaMalusi_WSOA3003A_Turn based Data System/Assets
GfxDevice: creating device client; threaded=0
Direct3D:
    Version:  Direct3D 11.0 [level 11.1]
    Renderer: NVIDIA GeForce GTX 1050 Ti (ID=0x1c8c)
    Vendor:   
    VRAM:     4018 MB
    Driver:   27.21.14.5167
Initialize mono
Mono path[0] = 'D:/Unity Game/2020.3.1f1/Editor/Data/Managed'
Mono path[1] = 'D:/Unity Game/2020.3.1f1/Editor/Data/MonoBleedingEdge/lib/mono/unityjit'
Mono config path = 'D:/Unity Game/2020.3.1f1/Editor/Data/MonoBleedingEdge/etc'
Using monoOptions --debugger-agent=transport=dt_socket,embedding=1,server=y,suspend=n,address=127.0.0.1:56612
Begin MonoManager ReloadAssembly
Registering precompiled unity dll's ...
Register platform support module: D:/Unity Game/2020.3.1f1/Editor/Data/PlaybackEngines/MacStandaloneSupport/UnityEditor.OSXStandalone.Extensions.dll
Register platform support module: D:/Unity Game/2020.3.1f1/Editor/Data/PlaybackEngines/WindowsStandaloneSupport/UnityEditor.WindowsStandalone.Extensions.dll
Registered in 0.001723 seconds.
Native extension for WindowsStandalone target not found
Native extension for OSXStandalone target not found
Refreshing native plugins compatible for Editor in 22.79 ms, found 0 plugins.
Preloading 0 native plugins for Editor in 0.00 ms.
Invoked RoslynAnalysisRunner static constructor.
RoslynAnalysisRunner will not be running.
RoslynAnalysisRunner has terminated.
Mono: successfully reloaded assembly
- Completed reload, in  1.071 seconds
Platform modules already initialized, skipping
Registering precompiled user dll's ...
Registered in 0.000605 seconds.
Begin MonoManager ReloadAssembly
Native extension for WindowsStandalone target not found
Native extension for OSXStandalone target not found
Refreshing native plugins compatible for Editor in 0.39 ms, found 0 plugins.
Preloading 0 native plugins for Editor in 0.00 ms.
Invoked RoslynAnalysisRunner static constructor.
RoslynAnalysisRunner will not be running.
RoslynAnalysisRunner has terminated.
Mono: successfully reloaded assembly
- Completed reload, in  0.784 seconds
Platform modules already initialized, skipping
========================================================================
Worker process is ready to serve import requests
Launched and connected shader compiler UnityShaderCompiler.exe after 0.05 seconds
Refreshing native plugins compatible for Editor in 0.21 ms, found 0 plugins.
Preloading 0 native plugins for Editor in 0.00 ms.
Unloading 1163 Unused Serialized files (Serialized files now loaded: 0)
System memory in use before: 60.4 MB.
System memory in use after: 60.4 MB.

Unloading 10 unused Assets to reduce memory usage. Loaded Objects now: 1606.
Total: 1.944200 ms (FindLiveObjects: 0.290100 ms CreateObjectMapping: 0.050800 ms MarkObjects: 1.524800 ms  DeleteObjects: 0.076500 ms)

========================================================================
Received Import Request.
  path: Assets/Prefabs/pl spwn.prefab
  artifactKey: Guid(4029d6d02e91fbd4884f1af7e5503b79) Importer(815301076,1909f56bfc062723c751e8b465ee728b)
Start importing Assets/Prefabs/pl spwn.prefab using Guid(4029d6d02e91fbd4884f1af7e5503b79) Importer(815301076,1909f56bfc062723c751e8b465ee728b)  -> (artifact id: '0b8e6fe68c53bdfb04a501eebb78aad7') in 0.128595 seconds
  Import took 0.275739 seconds .

========================================================================
Received Import Request.
  Time since last request: 8.068535 seconds.
  path: Assets/Prefabs/pl spwn.prefab
  artifactKey: Guid(4029d6d02e91fbd4884f1af7e5503b79) Importer(815301076,1909f56bfc062723c751e8b465ee728b)
Start importing Assets/Prefabs/pl spwn.prefab using Guid(4029d6d02e91fbd4884f1af7e5503b79) Importer(815301076,1909f56bfc062723c751e8b465ee728b)  -> (artifact id: 'a682ba439a52bfd0884c7eefd4a9bca7') in 0.021632 seconds
  Import took 0.070524 seconds .

========================================================================
Received Import Request.
  Time since last request: 0.025343 seconds.
  path: Assets/Prefabs/pl spwn.prefab
  artifactKey: Guid(4029d6d02e91fbd4884f1af7e5503b79) Importer(815301076,1909f56bfc062723c751e8b465ee728b)
Start importing Assets/Prefabs/pl spwn.prefab using Guid(4029d6d02e91fbd4884f1af7e5503b79) Importer(815301076,1909f56bfc062723c751e8b465ee728b)  -> (artifact id: 'a682ba439a52bfd0884c7eefd4a9bca7') in 0.014157 seconds
  Import took 0.017738 seconds .

========================================================================
Received Import Request.
  Time since last request: 2.785713 seconds.
  path: Assets/Prefabs/pl spwn.prefab
  artifactKey: Guid(4029d6d02e91fbd4884f1af7e5503b79) Importer(815301076,1909f56bfc062723c751e8b465ee728b)
Start importing Assets/Prefabs/pl spwn.prefab using Guid(4029d6d02e91fbd4884f1af7e5503b79) Importer(815301076,1909f56bfc062723c751e8b465ee728b)  -> (artifact id: '6a68b21daafa9cf1f8a5bad97ce14c59') in 0.019671 seconds
  Import took 0.022374 seconds .

========================================================================
Received Import Request.
  Time since last request: 5.262096 seconds.
  path: Assets/Prefabs/enemy sp.prefab
  artifactKey: Guid(55c01e8609883a8478ec98014dc27520) Importer(815301076,1909f56bfc062723c751e8b465ee728b)
Start importing Assets/Prefabs/enemy sp.prefab using Guid(55c01e8609883a8478ec98014dc27520) Importer(815301076,1909f56bfc062723c751e8b465ee728b)  -> (artifact id: '45560b9703bb28c229683efd1da73d3d') in 0.021951 seconds
  Import took 0.160899 seconds .

========================================================================
Received Import Request.
  Time since last request: 0.001507 seconds.
  path: Assets/Prefabs/enemy.prefab
  artifactKey: Guid(de6db59883ac756458bd50ad6812b227) Importer(815301076,1909f56bfc062723c751e8b465ee728b)
Start importing Assets/Prefabs/enemy.prefab using Guid(de6db59883ac756458bd50ad6812b227) Importer(815301076,1909f56bfc062723c751e8b465ee728b)  -> (artifact id: 'bb2f76580346f41caf6ea58fc694fb15') in 0.031772 seconds
  Import took 0.034594 seconds .

========================================================================
Received Import Request.
  Time since last request: 0.000231 seconds.
  path: Assets/Prefabs/Player .prefab
  artifactKey: Guid(33105028fa4d2f748b6ddd8bb0854e32) Importer(815301076,1909f56bfc062723c751e8b465ee728b)
Start importing Assets/Prefabs/Player .prefab using Guid(33105028fa4d2f748b6ddd8bb0854e32) Importer(815301076,1909f56bfc062723c751e8b465ee728b)  -> (artifact id: 'eb8a5272e33c6c7f590d7af9e9f64b15') in 0.031168 seconds
  Import took 0.042790 seconds .

========================================================================
Received Import Request.
  Time since last request: 0.006087 seconds.
  path: Assets/Prefabs/Player .prefab
  artifactKey: Guid(33105028fa4d2f748b6ddd8bb0854e32) Importer(815301076,1909f56bfc062723c751e8b465ee728b)
Start importing Assets/Prefabs/Player .prefab using Guid(33105028fa4d2f748b6ddd8bb0854e32) Importer(815301076,1909f56bfc062723c751e8b465ee728b)  -> (artifact id: 'eb8a5272e33c6c7f590d7af9e9f64b15') in 0.019981 seconds
  Import took 0.021992 seconds .

========================================================================
Received Import Request.
  Time since last request: 34.104796 seconds.
  path: Assets/Prefabs/enemy sp.prefab
  artifactKey: Guid(55c01e8609883a8478ec98014dc27520) Importer(815301076,1909f56bfc062723c751e8b465ee728b)
Start importing Assets/Prefabs/enemy sp.prefab using Guid(55c01e8609883a8478ec98014dc27520) Importer(815301076,1909f56bfc062723c751e8b465ee728b)  -> (artifact id: 'a5ecb2eea5f41432d75bb235f6e4fd46') in 0.014949 seconds
  Import took 0.017319 seconds .

========================================================================
Received Import Request.
  Time since last request: 11.032745 seconds.
  path: Assets/Prefabs/enemy sp.prefab
  artifactKey: Guid(55c01e8609883a8478ec98014dc27520) Importer(815301076,1909f56bfc062723c751e8b465ee728b)
Start importing Assets/Prefabs/enemy sp.prefab using Guid(55c01e8609883a8478ec98014dc27520) Importer(815301076,1909f56bfc062723c751e8b465ee728b)  -> (artifact id: '2d588087468208829d8eba3a5297bcb2') in 0.018447 seconds
  Import took 0.076219 seconds .

========================================================================
Received Prepare
Registering precompiled user dll's ...
Registered in 0.000552 seconds.
Begin MonoManager ReloadAssembly
Native extension for WindowsStandalone target not found
Native extension for OSXStandalone target not found
Refreshing native plugins compatible for Editor in 0.20 ms, found 0 plugins.
Preloading 0 native plugins for Editor in 0.00 ms.
Invoked RoslynAnalysisRunner static constructor.
RoslynAnalysisRunner will not be running.
RoslynAnalysisRunner has terminated.
Mono: successfully reloaded assembly
- Completed reload, in  0.853 seconds
Platform modules already initialized, skipping
Refreshing native plugins compatible for Editor in 0.25 ms, found 0 plugins.
Preloading 0 native plugins for Editor in 0.00 ms.
Unloading 1145 Unused Serialized files (Serialized files now loaded: 0)
System memory in use before: 62.5 MB.
System memory in use after: 62.5 MB.

Unloading 5 unused Assets to reduce memory usage. Loaded Objects now: 1617.
Total: 1.684400 ms (FindLiveObjects: 0.174500 ms CreateObjectMapping: 0.047300 ms MarkObjects: 1.415600 ms  DeleteObjects: 0.046000 ms)

========================================================================
Received Prepare
Registering precompiled user dll's ...
Registered in 0.000612 seconds.
Begin MonoManager ReloadAssembly
Native extension for WindowsStandalone target not found
Native extension for OSXStandalone target not found
Refreshing native plugins compatible for Editor in 0.30 ms, found 0 plugins.
Preloading 0 native plugins for Editor in 0.00 ms.
Invoked RoslynAnalysisRunner static constructor.
RoslynAnalysisRunner will not be running.
RoslynAnalysisRunner has terminated.
Mono: successfully reloaded assembly
- Completed reload, in  0.725 seconds
Platform modules already initialized, skipping
Refreshing native plugins compatible for Editor in 0.20 ms, found 0 plugins.
Preloading 0 native plugins for Editor in 0.00 ms.
Unloading 1145 Unused Serialized files (Serialized files now loaded: 0)
System memory in use before: 62.5 MB.
System memory in use after: 62.6 MB.

Unloading 5 unused Assets to reduce memory usage. Loaded Objects now: 1620.
Total: 2.288900 ms (FindLiveObjects: 0.276400 ms CreateObjectMapping: 0.079400 ms MarkObjects: 1.879800 ms  DeleteObjects: 0.051300 ms)

========================================================================
Received Prepare
Registering precompiled user dll's ...
Registered in 0.000955 seconds.
Begin MonoManager ReloadAssembly
Native extension for WindowsStandalone target not found
Native extension for OSXStandalone target not found
Refreshing native plugins compatible for Editor in 0.20 ms, found 0 plugins.
Preloading 0 native plugins for Editor in 0.00 ms.
Invoked RoslynAnalysisRunner static constructor.
RoslynAnalysisRunner will not be running.
RoslynAnalysisRunner has terminated.
Mono: successfully reloaded assembly
- Completed reload, in  1.119 seconds
Platform modules already initialized, skipping
Refreshing native plugins compatible for Editor in 0.23 ms, found 0 plugins.
Preloading 0 native plugins for Editor in 0.00 ms.
Unloading 1145 Unused Serialized files (Serialized files now loaded: 0)
System memory in use before: 62.5 MB.
System memory in use after: 62.6 MB.

Unloading 5 unused Assets to reduce memory usage. Loaded Objects now: 1623.
Total: 1.835900 ms (FindLiveObjects: 0.151000 ms CreateObjectMapping: 0.052700 ms MarkObjects: 1.559500 ms  DeleteObjects: 0.071500 ms)

